0 info it worked if it ends with ok
1 verbose cli [ '/usr/local/Cellar/node/4.1.0/bin/node',
1 verbose cli   '/usr/local/bin/npm',
1 verbose cli   'install',
1 verbose cli   'mongod' ]
2 info using npm@2.14.4
3 info using node@v4.1.0
4 verbose install initial load of /Users/razvanm/Desktop/angular/TDD AngularJS/package.json
5 warn package.json (workspace)@1.0.0 No repository field.
6 warn package.json (workspace)@1.0.0 No README data
7 verbose installManyTop reading scoped package data from /Users/razvanm/Desktop/angular/TDD AngularJS/node_modules/bluebird/package.json
8 verbose installManyTop reading scoped package data from /Users/razvanm/Desktop/angular/TDD AngularJS/node_modules/bower/package.json
9 verbose installManyTop reading scoped package data from /Users/razvanm/Desktop/angular/TDD AngularJS/node_modules/chai/package.json
10 verbose installManyTop reading scoped package data from /Users/razvanm/Desktop/angular/TDD AngularJS/node_modules/express/package.json
11 verbose installManyTop reading scoped package data from /Users/razvanm/Desktop/angular/TDD AngularJS/node_modules/jade/package.json
12 verbose installManyTop reading scoped package data from /Users/razvanm/Desktop/angular/TDD AngularJS/node_modules/mongodb/package.json
13 verbose installManyTop reading scoped package data from /Users/razvanm/Desktop/angular/TDD AngularJS/node_modules/mongodb-core/package.json
14 verbose installManyTop reading scoped package data from /Users/razvanm/Desktop/angular/TDD AngularJS/node_modules/mongoose/package.json
15 info package.json mongodb-core@1.2.14 license should be a valid SPDX license expression
16 verbose readDependencies loading dependencies from /Users/razvanm/Desktop/angular/TDD AngularJS/package.json
17 silly cache add args [ 'mongod', null ]
18 verbose cache add spec mongod
19 silly cache add parsed spec Result {
19 silly cache add   raw: 'mongod',
19 silly cache add   scope: null,
19 silly cache add   name: null,
19 silly cache add   rawSpec: 'mongod',
19 silly cache add   spec: '/Users/razvanm/Desktop/angular/TDD AngularJS/mongod',
19 silly cache add   type: 'local' }
20 silly addLocalTarball shasum (computed) 741a282885aea7c2a4cc4476edc07f5f4d0f168e
21 verbose addTmpTarball /Users/razvanm/Desktop/angular/TDD AngularJS/mongod not in flight; adding
22 verbose addTmpTarball validating metadata from /Users/razvanm/Desktop/angular/TDD AngularJS/mongod
23 verbose tar unpack /Users/razvanm/Desktop/angular/TDD AngularJS/mongod
24 verbose tar unpacking to /var/folders/0g/gxg0l_pn5hq3ptkbwzdz114h0000gn/T/npm-12024-1bd86f03/unpack-4edea27b9dd5
25 silly gentlyRm /var/folders/0g/gxg0l_pn5hq3ptkbwzdz114h0000gn/T/npm-12024-1bd86f03/unpack-4edea27b9dd5 is being purged
26 verbose gentlyRm don't care about contents; nuking /var/folders/0g/gxg0l_pn5hq3ptkbwzdz114h0000gn/T/npm-12024-1bd86f03/unpack-4edea27b9dd5
27 silly gunzTarPerm modes [ '755', '644' ]
28 error not a package /Users/razvanm/Desktop/angular/TDD AngularJS/mongod
29 error addLocal Could not install /Users/razvanm/Desktop/angular/TDD AngularJS/mongod
30 verbose stack Error: ENOENT: no such file or directory, open '/var/folders/0g/gxg0l_pn5hq3ptkbwzdz114h0000gn/T/npm-12024-1bd86f03/unpack-4edea27b9dd5/package.json'
30 verbose stack     at Error (native)
31 verbose cwd /Users/razvanm/Desktop/angular/TDD AngularJS
32 error Darwin 14.5.0
33 error argv "/usr/local/Cellar/node/4.1.0/bin/node" "/usr/local/bin/npm" "install" "mongod"
34 error node v4.1.0
35 error npm  v2.14.4
36 error path /var/folders/0g/gxg0l_pn5hq3ptkbwzdz114h0000gn/T/npm-12024-1bd86f03/unpack-4edea27b9dd5/package.json
37 error code ENOENT
38 error errno -2
39 error syscall open
40 error enoent ENOENT: no such file or directory, open '/var/folders/0g/gxg0l_pn5hq3ptkbwzdz114h0000gn/T/npm-12024-1bd86f03/unpack-4edea27b9dd5/package.json'
40 error enoent This is most likely not a problem with npm itself
40 error enoent and is related to npm not being able to find a file.
41 verbose exit [ -2, true ]
